<?xml version="1.0" encoding="UTF-8"?>
<TestRun id="63bc26d6-1087-4cb5-981d-550ed20832fc" name="Administrator@BITF2015WIT1 2015-10-13 15:27:05" runUser="BITF2015WIT1\Administrator" xmlns="http://microsoft.com/schemas/VisualStudio/TeamTest/2010">
  <TestSettings name="Local" id="ff0b7b64-8b2e-439a-bd61-71756697bef5">
    <Description>These are default test settings for a local test run.</Description>
    <Deployment enabled="false" runDeploymentRoot="Administrator_BITF2015WIT1 2015-10-13 15_27_05">
      <DeploymentItem filename="C:\Users\Administrator\documents\visual studio 2010\Projects\NETZhiyueZhao\BusinessTier\bin\Debug\BusinessTier.dll" />
      <DeploymentItem filename="C:\Users\Administrator\documents\visual studio 2010\Projects\NETZhiyueZhao\NETZhiyueZhao\bin\Debug\NETZhiyueZhao.exe" />
    </Deployment>
    <Execution>
      <TestTypeSpecific />
      <AgentRule name="Execution Agents">
      </AgentRule>
    </Execution>
  </TestSettings>
  <Times creation="2015-10-13T15:27:05.6344579-05:00" queuing="2015-10-13T15:27:05.6684692-05:00" start="2015-10-13T15:27:05.7515290-05:00" finish="2015-10-13T15:27:06.1849697-05:00" />
  <ResultSummary outcome="Warning">
    <Counters total="1" executed="1" passed="1" error="0" failed="0" timeout="0" aborted="0" inconclusive="0" passedButRunAborted="0" notRunnable="0" notExecuted="0" disconnected="0" warning="0" completed="0" inProgress="0" pending="0" />
    <RunInfos>
      <RunInfo computerName="BITF2015WIT1" outcome="Warning" timestamp="2015-10-13T15:27:05.6674691-05:00">
        <Text>Deployment is currently disabled. The deployment item 'NETZhiyueZhao.exe' on test 'TestZhiyueZhao.frmQuoteTest.btnCalculateQuote_ClickTestNegative' was not deployed.</Text>
      </RunInfo>
    </RunInfos>
  </ResultSummary>
  <TestDefinitions>
    <UnitTest name="btnCalculateQuote_ClickTestNegative" storage="c:\users\administrator\documents\visual studio 2010\projects\netzhiyuezhao\testzhiyuezhao\bin\debug\testzhiyuezhao.dll" id="95510f82-1af8-7094-2681-f2e90f79a8c3">
      <DeploymentItems>
        <DeploymentItem filename="NETZhiyueZhao.exe" />
      </DeploymentItems>
      <Execution id="0547437a-4603-4262-9e4f-4b0bbef4cac6" />
      <TestMethod codeBase="C:/Users/Administrator/documents/visual studio 2010/Projects/NETZhiyueZhao/TestZhiyueZhao/bin/Debug/TestZhiyueZhao.DLL" adapterTypeName="Microsoft.VisualStudio.TestTools.TestTypes.Unit.UnitTestAdapter, Microsoft.VisualStudio.QualityTools.Tips.UnitTest.Adapter, Version=10.0.0.0, Culture=neutral, PublicKeyToken=b03f5f7f11d50a3a" className="TestZhiyueZhao.frmQuoteTest, TestZhiyueZhao, Version=1.0.0.0, Culture=neutral, PublicKeyToken=null" name="btnCalculateQuote_ClickTestNegative" />
    </UnitTest>
  </TestDefinitions>
  <TestLists>
    <TestList name="Results Not in a List" id="8c84fa94-04c1-424b-9868-57a2d4851a1d" />
    <TestList name="All Loaded Results" id="19431567-8539-422a-85d7-44ee4e166bda" />
  </TestLists>
  <TestEntries>
    <TestEntry testId="95510f82-1af8-7094-2681-f2e90f79a8c3" executionId="0547437a-4603-4262-9e4f-4b0bbef4cac6" testListId="8c84fa94-04c1-424b-9868-57a2d4851a1d" />
  </TestEntries>
  <Results>
    <UnitTestResult executionId="0547437a-4603-4262-9e4f-4b0bbef4cac6" testId="95510f82-1af8-7094-2681-f2e90f79a8c3" testName="btnCalculateQuote_ClickTestNegative" computerName="BITF2015WIT1" duration="00:00:00.0998614" startTime="2015-10-13T15:27:05.8305880-05:00" endTime="2015-10-13T15:27:06.0981555-05:00" testType="13cdc9d9-ddb5-4fa4-a97d-d965ccfc6d4b" outcome="Passed" testListId="8c84fa94-04c1-424b-9868-57a2d4851a1d" relativeResultsDirectory="0547437a-4603-4262-9e4f-4b0bbef4cac6">
    </UnitTestResult>
  </Results>
</TestRun>