<?xml version="1.0" encoding="UTF-8"?>
<TestRun id="9bd8a236-3be0-4faa-9702-b91910d63c44" name="Administrator@BITF2015WIT1 2015-10-20 16:38:45" runUser="BITF2015WIT1\Administrator" xmlns="http://microsoft.com/schemas/VisualStudio/TeamTest/2010">
  <TestSettings name="Local" id="ff0b7b64-8b2e-439a-bd61-71756697bef5">
    <Description>These are default test settings for a local test run.</Description>
    <Deployment enabled="false" runDeploymentRoot="Administrator_BITF2015WIT1 2015-10-20 16_38_45">
      <DeploymentItem filename="C:\Users\Administrator\documents\visual studio 2010\Projects\NETZhiyueZhao\BusinessTier\bin\Debug\BusinessTier.dll" />
      <DeploymentItem filename="C:\Users\Administrator\documents\visual studio 2010\Projects\NETZhiyueZhao\NETZhiyueZhao\bin\Debug\NETZhiyueZhao.exe" />
    </Deployment>
    <Execution>
      <TestTypeSpecific />
      <AgentRule name="Execution Agents">
      </AgentRule>
    </Execution>
  </TestSettings>
  <Times creation="2015-10-20T16:38:45.1449523-05:00" queuing="2015-10-20T16:38:45.1618549-05:00" start="2015-10-20T16:38:45.2013470-05:00" finish="2015-10-20T16:38:45.6216780-05:00" />
  <ResultSummary outcome="Completed">
    <Counters total="1" executed="1" passed="1" error="0" failed="0" timeout="0" aborted="0" inconclusive="0" passedButRunAborted="0" notRunnable="0" notExecuted="0" disconnected="0" warning="0" completed="0" inProgress="0" pending="0" />
  </ResultSummary>
  <TestDefinitions>
    <UnitTest name="UpdateSummaryFinanceTest_AmountDuePositive" storage="c:\users\administrator\documents\visual studio 2010\projects\netzhiyuezhao\testzhiyuezhao\bin\debug\testzhiyuezhao.dll" id="f8203ce4-1d76-c8eb-d999-8577d9729c1b">
      <Execution id="3cef3917-b8c0-4b26-8ccd-b668f355097a" />
      <TestMethod codeBase="C:/Users/Administrator/Documents/Visual Studio 2010/Projects/NETZhiyueZhao/TestZhiyueZhao/bin/Debug/TestZhiyueZhao.DLL" adapterTypeName="Microsoft.VisualStudio.TestTools.TestTypes.Unit.UnitTestAdapter, Microsoft.VisualStudio.QualityTools.Tips.UnitTest.Adapter, Version=10.0.0.0, Culture=neutral, PublicKeyToken=b03f5f7f11d50a3a" className="TestZhiyueZhao.frmQuoteTest, TestZhiyueZhao, Version=1.0.0.0, Culture=neutral, PublicKeyToken=null" name="UpdateSummaryFinanceTest_AmountDuePositive" />
    </UnitTest>
  </TestDefinitions>
  <TestLists>
    <TestList name="Results Not in a List" id="8c84fa94-04c1-424b-9868-57a2d4851a1d" />
    <TestList name="All Loaded Results" id="19431567-8539-422a-85d7-44ee4e166bda" />
  </TestLists>
  <TestEntries>
    <TestEntry testId="f8203ce4-1d76-c8eb-d999-8577d9729c1b" executionId="3cef3917-b8c0-4b26-8ccd-b668f355097a" testListId="8c84fa94-04c1-424b-9868-57a2d4851a1d" />
  </TestEntries>
  <Results>
    <UnitTestResult executionId="3cef3917-b8c0-4b26-8ccd-b668f355097a" testId="f8203ce4-1d76-c8eb-d999-8577d9729c1b" testName="UpdateSummaryFinanceTest_AmountDuePositive" computerName="BITF2015WIT1" duration="00:00:00.0529830" startTime="2015-10-20T16:38:45.3597842-05:00" endTime="2015-10-20T16:38:45.5576709-05:00" testType="13cdc9d9-ddb5-4fa4-a97d-d965ccfc6d4b" outcome="Passed" testListId="8c84fa94-04c1-424b-9868-57a2d4851a1d" relativeResultsDirectory="3cef3917-b8c0-4b26-8ccd-b668f355097a">
    </UnitTestResult>
  </Results>
</TestRun>