<?xml version="1.0" encoding="UTF-8"?>
<TestRun id="8015ee70-3a1a-465d-add8-f8c260c4cfab" name="Administrator@BITF2015WIT1 2015-10-13 15:29:12" runUser="BITF2015WIT1\Administrator" xmlns="http://microsoft.com/schemas/VisualStudio/TeamTest/2010">
  <TestSettings name="Local" id="ff0b7b64-8b2e-439a-bd61-71756697bef5">
    <Description>These are default test settings for a local test run.</Description>
    <Deployment enabled="false" runDeploymentRoot="Administrator_BITF2015WIT1 2015-10-13 15_29_12">
      <DeploymentItem filename="C:\Users\Administrator\documents\visual studio 2010\Projects\NETZhiyueZhao\BusinessTier\bin\Debug\BusinessTier.dll" />
      <DeploymentItem filename="C:\Users\Administrator\documents\visual studio 2010\Projects\NETZhiyueZhao\NETZhiyueZhao\bin\Debug\NETZhiyueZhao.exe" />
    </Deployment>
    <Execution>
      <TestTypeSpecific />
      <AgentRule name="Execution Agents">
      </AgentRule>
    </Execution>
  </TestSettings>
  <Times creation="2015-10-13T15:29:12.0341692-05:00" queuing="2015-10-13T15:29:12.0875950-05:00" start="2015-10-13T15:29:12.1700459-05:00" finish="2015-10-13T15:29:12.6130749-05:00" />
  <ResultSummary outcome="Warning">
    <Counters total="1" executed="1" passed="1" error="0" failed="0" timeout="0" aborted="0" inconclusive="0" passedButRunAborted="0" notRunnable="0" notExecuted="0" disconnected="0" warning="0" completed="0" inProgress="0" pending="0" />
    <RunInfos>
      <RunInfo computerName="BITF2015WIT1" outcome="Warning" timestamp="2015-10-13T15:29:12.0875950-05:00">
        <Text>Deployment is currently disabled. The deployment item 'NETZhiyueZhao.exe' on test 'TestZhiyueZhao.frmQuoteTest.btnCalculateQuote_ClickTestZeroThenPositive' was not deployed.</Text>
      </RunInfo>
    </RunInfos>
  </ResultSummary>
  <TestDefinitions>
    <UnitTest name="btnCalculateQuote_ClickTestZeroThenPositive" storage="c:\users\administrator\documents\visual studio 2010\projects\netzhiyuezhao\testzhiyuezhao\bin\debug\testzhiyuezhao.dll" id="52f224c7-8821-c32f-3efe-af413fbc9f07">
      <DeploymentItems>
        <DeploymentItem filename="NETZhiyueZhao.exe" />
      </DeploymentItems>
      <Execution id="3b8ce9e5-adfe-40d6-b35e-e7d06fe5b1da" />
      <TestMethod codeBase="C:/Users/Administrator/documents/visual studio 2010/Projects/NETZhiyueZhao/TestZhiyueZhao/bin/Debug/TestZhiyueZhao.DLL" adapterTypeName="Microsoft.VisualStudio.TestTools.TestTypes.Unit.UnitTestAdapter, Microsoft.VisualStudio.QualityTools.Tips.UnitTest.Adapter, Version=10.0.0.0, Culture=neutral, PublicKeyToken=b03f5f7f11d50a3a" className="TestZhiyueZhao.frmQuoteTest, TestZhiyueZhao, Version=1.0.0.0, Culture=neutral, PublicKeyToken=null" name="btnCalculateQuote_ClickTestZeroThenPositive" />
    </UnitTest>
  </TestDefinitions>
  <TestLists>
    <TestList name="Results Not in a List" id="8c84fa94-04c1-424b-9868-57a2d4851a1d" />
    <TestList name="All Loaded Results" id="19431567-8539-422a-85d7-44ee4e166bda" />
  </TestLists>
  <TestEntries>
    <TestEntry testId="52f224c7-8821-c32f-3efe-af413fbc9f07" executionId="3b8ce9e5-adfe-40d6-b35e-e7d06fe5b1da" testListId="8c84fa94-04c1-424b-9868-57a2d4851a1d" />
  </TestEntries>
  <Results>
    <UnitTestResult executionId="3b8ce9e5-adfe-40d6-b35e-e7d06fe5b1da" testId="52f224c7-8821-c32f-3efe-af413fbc9f07" testName="btnCalculateQuote_ClickTestZeroThenPositive" computerName="BITF2015WIT1" duration="00:00:00.0677964" startTime="2015-10-13T15:29:12.3141598-05:00" endTime="2015-10-13T15:29:12.5362632-05:00" testType="13cdc9d9-ddb5-4fa4-a97d-d965ccfc6d4b" outcome="Passed" testListId="8c84fa94-04c1-424b-9868-57a2d4851a1d" relativeResultsDirectory="3b8ce9e5-adfe-40d6-b35e-e7d06fe5b1da">
    </UnitTestResult>
  </Results>
</TestRun>