<?xml version="1.0" encoding="UTF-8"?>
<TestRun id="f4bfdbb4-8766-49f7-ae77-cd086a113c88" name="Administrator@BITF2015WIT1 2015-10-13 15:41:07" runUser="BITF2015WIT1\Administrator" xmlns="http://microsoft.com/schemas/VisualStudio/TeamTest/2010">
  <TestSettings name="Local" id="ff0b7b64-8b2e-439a-bd61-71756697bef5">
    <Description>These are default test settings for a local test run.</Description>
    <Deployment enabled="false" runDeploymentRoot="Administrator_BITF2015WIT1 2015-10-13 15_41_07">
      <DeploymentItem filename="C:\Users\Administrator\documents\visual studio 2010\Projects\NETZhiyueZhao\BusinessTier\bin\Debug\BusinessTier.dll" />
      <DeploymentItem filename="C:\Users\Administrator\documents\visual studio 2010\Projects\NETZhiyueZhao\NETZhiyueZhao\bin\Debug\NETZhiyueZhao.exe" />
    </Deployment>
    <Execution>
      <TestTypeSpecific />
      <AgentRule name="Execution Agents">
      </AgentRule>
    </Execution>
  </TestSettings>
  <Times creation="2015-10-13T15:41:07.2316596-05:00" queuing="2015-10-13T15:41:07.3561095-05:00" start="2015-10-13T15:41:07.4617625-05:00" finish="2015-10-13T15:41:08.2142454-05:00" />
  <ResultSummary outcome="Warning">
    <Counters total="1" executed="1" passed="1" error="0" failed="0" timeout="0" aborted="0" inconclusive="0" passedButRunAborted="0" notRunnable="0" notExecuted="0" disconnected="0" warning="0" completed="0" inProgress="0" pending="0" />
    <RunInfos>
      <RunInfo computerName="BITF2015WIT1" outcome="Warning" timestamp="2015-10-13T15:41:07.3561095-05:00">
        <Text>Deployment is currently disabled. The deployment item 'NETZhiyueZhao.exe' on test 'TestZhiyueZhao.frmQuoteTest.checkboxRadioButton_CheckedChangedTestRadio' was not deployed.</Text>
      </RunInfo>
    </RunInfos>
  </ResultSummary>
  <TestDefinitions>
    <UnitTest name="checkboxRadioButton_CheckedChangedTestRadio" storage="c:\users\administrator\documents\visual studio 2010\projects\netzhiyuezhao\testzhiyuezhao\bin\debug\testzhiyuezhao.dll" id="1bab7f6f-08b1-d497-97aa-929c3f7214ab">
      <DeploymentItems>
        <DeploymentItem filename="NETZhiyueZhao.exe" />
      </DeploymentItems>
      <Execution id="33019fca-9f35-4b06-8da4-db779544be81" />
      <TestMethod codeBase="C:/Users/Administrator/documents/visual studio 2010/Projects/NETZhiyueZhao/TestZhiyueZhao/bin/Debug/TestZhiyueZhao.DLL" adapterTypeName="Microsoft.VisualStudio.TestTools.TestTypes.Unit.UnitTestAdapter, Microsoft.VisualStudio.QualityTools.Tips.UnitTest.Adapter, Version=10.0.0.0, Culture=neutral, PublicKeyToken=b03f5f7f11d50a3a" className="TestZhiyueZhao.frmQuoteTest, TestZhiyueZhao, Version=1.0.0.0, Culture=neutral, PublicKeyToken=null" name="checkboxRadioButton_CheckedChangedTestRadio" />
    </UnitTest>
  </TestDefinitions>
  <TestLists>
    <TestList name="Results Not in a List" id="8c84fa94-04c1-424b-9868-57a2d4851a1d" />
    <TestList name="All Loaded Results" id="19431567-8539-422a-85d7-44ee4e166bda" />
  </TestLists>
  <TestEntries>
    <TestEntry testId="1bab7f6f-08b1-d497-97aa-929c3f7214ab" executionId="33019fca-9f35-4b06-8da4-db779544be81" testListId="8c84fa94-04c1-424b-9868-57a2d4851a1d" />
  </TestEntries>
  <Results>
    <UnitTestResult executionId="33019fca-9f35-4b06-8da4-db779544be81" testId="1bab7f6f-08b1-d497-97aa-929c3f7214ab" testName="checkboxRadioButton_CheckedChangedTestRadio" computerName="BITF2015WIT1" duration="00:00:00.0630049" startTime="2015-10-13T15:41:07.4920001-05:00" endTime="2015-10-13T15:41:07.6769121-05:00" testType="13cdc9d9-ddb5-4fa4-a97d-d965ccfc6d4b" outcome="Passed" testListId="8c84fa94-04c1-424b-9868-57a2d4851a1d" relativeResultsDirectory="33019fca-9f35-4b06-8da4-db779544be81">
    </UnitTestResult>
  </Results>
</TestRun>