<?xml version="1.0" encoding="UTF-8"?>
<TestRun id="5bbdb5be-4f3e-493d-a353-138744925e8b" name="Administrator@BITF2015WIT1 2015-10-13 16:03:10" runUser="BITF2015WIT1\Administrator" xmlns="http://microsoft.com/schemas/VisualStudio/TeamTest/2010">
  <TestSettings name="Local" id="ff0b7b64-8b2e-439a-bd61-71756697bef5">
    <Description>These are default test settings for a local test run.</Description>
    <Deployment enabled="false" runDeploymentRoot="Administrator_BITF2015WIT1 2015-10-13 16_03_10">
      <DeploymentItem filename="C:\Users\Administrator\documents\visual studio 2010\Projects\NETZhiyueZhao\BusinessTier\bin\Debug\BusinessTier.dll" />
      <DeploymentItem filename="C:\Users\Administrator\documents\visual studio 2010\Projects\NETZhiyueZhao\NETZhiyueZhao\bin\Debug\NETZhiyueZhao.exe" />
    </Deployment>
    <Execution>
      <TestTypeSpecific />
      <AgentRule name="Execution Agents">
      </AgentRule>
    </Execution>
  </TestSettings>
  <Times creation="2015-10-13T16:03:10.6616602-05:00" queuing="2015-10-13T16:03:10.7816746-05:00" start="2015-10-13T16:03:10.7904152-05:00" finish="2015-10-13T16:03:11.0701733-05:00" />
  <ResultSummary outcome="Failed">
    <Counters total="1" executed="1" error="0" failed="1" timeout="0" aborted="0" inconclusive="0" passedButRunAborted="0" notRunnable="0" notExecuted="0" disconnected="0" warning="0" passed="0" completed="0" inProgress="0" pending="0" />
    <RunInfos>
      <RunInfo computerName="BITF2015WIT1" outcome="Warning" timestamp="2015-10-13T16:03:10.7816746-05:00">
        <Text>Deployment is currently disabled. The deployment item 'NETZhiyueZhao.exe' on test 'TestZhiyueZhao.frmQuoteTest.lnkResetForm_ClickTest' was not deployed.</Text>
      </RunInfo>
    </RunInfos>
  </ResultSummary>
  <TestDefinitions>
    <UnitTest name="lnkResetForm_ClickTest" storage="c:\users\administrator\documents\visual studio 2010\projects\netzhiyuezhao\testzhiyuezhao\bin\debug\testzhiyuezhao.dll" id="ab3f4f99-11c9-ce5e-2e19-2aaff19304f3">
      <DeploymentItems>
        <DeploymentItem filename="NETZhiyueZhao.exe" />
      </DeploymentItems>
      <Execution id="278e2b44-0175-4651-9231-bdd2640faaad" />
      <TestMethod codeBase="C:/Users/Administrator/documents/visual studio 2010/Projects/NETZhiyueZhao/TestZhiyueZhao/bin/Debug/TestZhiyueZhao.DLL" adapterTypeName="Microsoft.VisualStudio.TestTools.TestTypes.Unit.UnitTestAdapter, Microsoft.VisualStudio.QualityTools.Tips.UnitTest.Adapter, Version=10.0.0.0, Culture=neutral, PublicKeyToken=b03f5f7f11d50a3a" className="TestZhiyueZhao.frmQuoteTest, TestZhiyueZhao, Version=1.0.0.0, Culture=neutral, PublicKeyToken=null" name="lnkResetForm_ClickTest" />
    </UnitTest>
  </TestDefinitions>
  <TestLists>
    <TestList name="Results Not in a List" id="8c84fa94-04c1-424b-9868-57a2d4851a1d" />
    <TestList name="All Loaded Results" id="19431567-8539-422a-85d7-44ee4e166bda" />
  </TestLists>
  <TestEntries>
    <TestEntry testId="ab3f4f99-11c9-ce5e-2e19-2aaff19304f3" executionId="278e2b44-0175-4651-9231-bdd2640faaad" testListId="8c84fa94-04c1-424b-9868-57a2d4851a1d" />
  </TestEntries>
  <Results>
    <UnitTestResult executionId="278e2b44-0175-4651-9231-bdd2640faaad" testId="ab3f4f99-11c9-ce5e-2e19-2aaff19304f3" testName="lnkResetForm_ClickTest" computerName="BITF2015WIT1" duration="00:00:00.1208132" startTime="2015-10-13T16:03:10.7936728-05:00" endTime="2015-10-13T16:03:11.0111289-05:00" testType="13cdc9d9-ddb5-4fa4-a97d-d965ccfc6d4b" outcome="Failed" testListId="8c84fa94-04c1-424b-9868-57a2d4851a1d" relativeResultsDirectory="278e2b44-0175-4651-9231-bdd2640faaad">
      <Output>
        <ErrorInfo>
          <Message>Assert.AreEqual failed. Expected:&lt;&gt;. Actual:&lt;12341&gt;. </Message>
          <StackTrace>   at TestZhiyueZhao.frmQuoteTest.clearTest(frmQuote_Accessor target) in C:\Users\Administrator\documents\visual studio 2010\Projects\NETZhiyueZhao\TestZhiyueZhao\frmQuoteTest.cs:line 81
   at TestZhiyueZhao.frmQuoteTest.lnkResetForm_ClickTest() in C:\Users\Administrator\documents\visual studio 2010\Projects\NETZhiyueZhao\TestZhiyueZhao\frmQuoteTest.cs:line 1199
</StackTrace>
        </ErrorInfo>
      </Output>
    </UnitTestResult>
  </Results>
</TestRun>